C:\Program Files (x86)\Microsoft Visual Studio\2017\Community\Common7\IDE\VC\VCTargets\Microsoft.CppBuild.targets(377,5): warning MSB8004: Output Directory does not end with a trailing slash.  This build instance will add the slash as it is required to allow proper evaluation of the Output Directory.
  Application.cpp
c:\users\rogerta\documents\github\tryhard_engine\source\application.cpp(85): warning C4244: '=': conversion from 'Uint32' to 'float', possible loss of data
c:\users\rogerta\documents\github\tryhard_engine\source\application.cpp(104): warning C4244: 'initializing': conversion from 'Uint32' to 'float', possible loss of data
c:\users\rogerta\documents\github\tryhard_engine\source\application.cpp(106): warning C4244: 'initializing': conversion from 'unsigned int' to 'float', possible loss of data
c:\users\rogerta\documents\github\tryhard_engine\source\application.cpp(112): warning C4244: 'argument': conversion from 'unsigned int' to 'const float', possible loss of data
c:\users\rogerta\documents\github\tryhard_engine\source\application.cpp(189): warning C4996: 'sprintf': This function or variable may be unsafe. Consider using sprintf_s instead. To disable deprecation, use _CRT_SECURE_NO_WARNINGS. See online help for details.
  c:\program files (x86)\windows kits\10\include\10.0.15063.0\ucrt\stdio.h(1772): note: see declaration of 'sprintf'
  ComponentMesh.cpp
  ComponentTransform.cpp
  Console.cpp
c:\program files (x86)\microsoft visual studio\2017\community\vc\tools\msvc\14.14.26428\include\xtree(875): warning C4530: C++ exception handler used, but unwind semantics are not enabled. Specify /EHsc
  c:\program files (x86)\microsoft visual studio\2017\community\vc\tools\msvc\14.14.26428\include\xtree(872): note: while compiling class template member function 'void std::_Tree_comp_alloc<_Traits>::_Construct(void)'
          with
          [
              _Traits=std::_Tmap_traits<Console_Message_Type,const char *,std::less<Console_Message_Type>,std::allocator<std::pair<const Console_Message_Type,const char *>>,true>
          ]
  c:\program files (x86)\microsoft visual studio\2017\community\vc\tools\msvc\14.14.26428\include\xtree(838): note: see reference to function template instantiation 'void std::_Tree_comp_alloc<_Traits>::_Construct(void)' being compiled
          with
          [
              _Traits=std::_Tmap_traits<Console_Message_Type,const char *,std::less<Console_Message_Type>,std::allocator<std::pair<const Console_Message_Type,const char *>>,true>
          ]
  c:\program files (x86)\microsoft visual studio\2017\community\vc\tools\msvc\14.14.26428\include\xtree(1078): note: see reference to class template instantiation 'std::_Tree_comp_alloc<_Traits>' being compiled
          with
          [
              _Traits=std::_Tmap_traits<Console_Message_Type,const char *,std::less<Console_Message_Type>,std::allocator<std::pair<const Console_Message_Type,const char *>>,true>
          ]
  c:\program files (x86)\microsoft visual studio\2017\community\vc\tools\msvc\14.14.26428\include\map(446): note: see reference to class template instantiation 'std::_Tree<std::_Tmap_traits<_Kty,_Ty,_Pr,_Alloc,true>>' being compiled
          with
          [
              _Kty=Console_Message_Type,
              _Ty=const char *,
              _Pr=std::less<Console_Message_Type>,
              _Alloc=std::allocator<std::pair<const Console_Message_Type,const char *>>
          ]
  c:\users\rogerta\documents\github\tryhard_engine\source\console.h(17): note: see reference to class template instantiation 'std::multimap<Console_Message_Type,const char *,std::less<_Kty>,std::allocator<std::pair<const _Kty,_Ty>>>' being compiled
          with
          [
              _Kty=Console_Message_Type,
              _Ty=const char *
          ]
  DeviceId.cpp
  GameObject.cpp
  glmath.cpp
c:\users\rogerta\documents\github\tryhard_engine\source\glmath.cpp(12): warning C4244: 'return': conversion from 'double' to 'float', possible loss of data
c:\users\rogerta\documents\github\tryhard_engine\source\glmath.cpp(27): warning C4244: 'argument': conversion from 'double' to 'float', possible loss of data
c:\users\rogerta\documents\github\tryhard_engine\source\glmath.cpp(43): warning C4244: 'argument': conversion from 'double' to 'float', possible loss of data
c:\users\rogerta\documents\github\tryhard_engine\source\glmath.cpp(53): warning C4244: 'initializing': conversion from 'double' to 'float', possible loss of data
c:\users\rogerta\documents\github\tryhard_engine\source\glmath.cpp(72): warning C4244: 'return': conversion from 'double' to 'float', possible loss of data
c:\users\rogerta\documents\github\tryhard_engine\source\glmath.cpp(87): warning C4244: 'argument': conversion from 'double' to 'float', possible loss of data
c:\users\rogerta\documents\github\tryhard_engine\source\glmath.cpp(103): warning C4244: 'argument': conversion from 'double' to 'float', possible loss of data
c:\users\rogerta\documents\github\tryhard_engine\source\glmath.cpp(600): warning C4244: 'initializing': conversion from 'double' to 'float', possible loss of data
c:\users\rogerta\documents\github\tryhard_engine\source\glmath.cpp(618): warning C4244: 'initializing': conversion from 'double' to 'float', possible loss of data
c:\users\rogerta\documents\github\tryhard_engine\source\glmath.cpp(758): warning C4244: 'initializing': conversion from 'double' to 'float', possible loss of data
c:\users\rogerta\documents\github\tryhard_engine\source\glmath.cpp(778): warning C4244: 'initializing': conversion from 'double' to 'float', possible loss of data
  imgui.cpp
  imgui_demo.cpp
  imgui_dock.cpp
c:\program files (x86)\microsoft visual studio\2017\community\vc\tools\msvc\14.14.26428\include\xlocale(315): warning C4530: C++ exception handler used, but unwind semantics are not enabled. Specify /EHsc
c:\users\rogerta\documents\github\tryhard_engine\source\imgui_dock.cpp(383): warning C4244: '=': conversion from 'int' to 'float', possible loss of data
c:\users\rogerta\documents\github\tryhard_engine\source\imgui_dock.cpp(398): warning C4244: '=': conversion from 'int' to 'float', possible loss of data
c:\users\rogerta\documents\github\tryhard_engine\source\imgui_dock.cpp(1248): warning C4996: 'sscanf': This function or variable may be unsafe. Consider using sscanf_s instead. To disable deprecation, use _CRT_SECURE_NO_WARNINGS. See online help for details.
  c:\program files (x86)\windows kits\10\include\10.0.15063.0\ucrt\stdio.h(2260): note: see declaration of 'sscanf'
c:\users\rogerta\documents\github\tryhard_engine\source\imgui_dock.cpp(1253): warning C4996: 'sscanf': This function or variable may be unsafe. Consider using sscanf_s instead. To disable deprecation, use _CRT_SECURE_NO_WARNINGS. See online help for details.
  c:\program files (x86)\windows kits\10\include\10.0.15063.0\ucrt\stdio.h(2260): note: see declaration of 'sscanf'
c:\users\rogerta\documents\github\tryhard_engine\source\imgui_dock.cpp(1257): warning C4996: 'sscanf': This function or variable may be unsafe. Consider using sscanf_s instead. To disable deprecation, use _CRT_SECURE_NO_WARNINGS. See online help for details.
  c:\program files (x86)\windows kits\10\include\10.0.15063.0\ucrt\stdio.h(2260): note: see declaration of 'sscanf'
c:\users\rogerta\documents\github\tryhard_engine\source\imgui_dock.cpp(1261): warning C4996: 'sscanf': This function or variable may be unsafe. Consider using sscanf_s instead. To disable deprecation, use _CRT_SECURE_NO_WARNINGS. See online help for details.
  c:\program files (x86)\windows kits\10\include\10.0.15063.0\ucrt\stdio.h(2260): note: see declaration of 'sscanf'
c:\users\rogerta\documents\github\tryhard_engine\source\imgui_dock.cpp(1265): warning C4996: 'sscanf': This function or variable may be unsafe. Consider using sscanf_s instead. To disable deprecation, use _CRT_SECURE_NO_WARNINGS. See online help for details.
  c:\program files (x86)\windows kits\10\include\10.0.15063.0\ucrt\stdio.h(2260): note: see declaration of 'sscanf'
c:\users\rogerta\documents\github\tryhard_engine\source\imgui_dock.cpp(1269): warning C4996: 'sscanf': This function or variable may be unsafe. Consider using sscanf_s instead. To disable deprecation, use _CRT_SECURE_NO_WARNINGS. See online help for details.
  c:\program files (x86)\windows kits\10\include\10.0.15063.0\ucrt\stdio.h(2260): note: see declaration of 'sscanf'
c:\users\rogerta\documents\github\tryhard_engine\source\imgui_dock.cpp(1273): warning C4996: 'sscanf': This function or variable may be unsafe. Consider using sscanf_s instead. To disable deprecation, use _CRT_SECURE_NO_WARNINGS. See online help for details.
  c:\program files (x86)\windows kits\10\include\10.0.15063.0\ucrt\stdio.h(2260): note: see declaration of 'sscanf'
c:\users\rogerta\documents\github\tryhard_engine\source\imgui_dock.cpp(1277): warning C4996: 'sscanf': This function or variable may be unsafe. Consider using sscanf_s instead. To disable deprecation, use _CRT_SECURE_NO_WARNINGS. See online help for details.
  c:\program files (x86)\windows kits\10\include\10.0.15063.0\ucrt\stdio.h(2260): note: see declaration of 'sscanf'
c:\users\rogerta\documents\github\tryhard_engine\source\imgui_dock.cpp(1279): warning C4996: 'strcpy': This function or variable may be unsafe. Consider using strcpy_s instead. To disable deprecation, use _CRT_SECURE_NO_WARNINGS. See online help for details.
  c:\program files (x86)\windows kits\10\include\10.0.15063.0\ucrt\string.h(132): note: see declaration of 'strcpy'
c:\users\rogerta\documents\github\tryhard_engine\source\imgui_dock.cpp(1281): warning C4996: 'sscanf': This function or variable may be unsafe. Consider using sscanf_s instead. To disable deprecation, use _CRT_SECURE_NO_WARNINGS. See online help for details.
  c:\program files (x86)\windows kits\10\include\10.0.15063.0\ucrt\stdio.h(2260): note: see declaration of 'sscanf'
c:\users\rogerta\documents\github\tryhard_engine\source\imgui_dock.cpp(1285): warning C4996: 'sscanf': This function or variable may be unsafe. Consider using sscanf_s instead. To disable deprecation, use _CRT_SECURE_NO_WARNINGS. See online help for details.
  c:\program files (x86)\windows kits\10\include\10.0.15063.0\ucrt\stdio.h(2260): note: see declaration of 'sscanf'
c:\users\rogerta\documents\github\tryhard_engine\source\imgui_dock.cpp(1289): warning C4996: 'sscanf': This function or variable may be unsafe. Consider using sscanf_s instead. To disable deprecation, use _CRT_SECURE_NO_WARNINGS. See online help for details.
  c:\program files (x86)\windows kits\10\include\10.0.15063.0\ucrt\stdio.h(2260): note: see declaration of 'sscanf'
c:\users\rogerta\documents\github\tryhard_engine\source\imgui_dock.cpp(1293): warning C4996: 'sscanf': This function or variable may be unsafe. Consider using sscanf_s instead. To disable deprecation, use _CRT_SECURE_NO_WARNINGS. See online help for details.
  c:\program files (x86)\windows kits\10\include\10.0.15063.0\ucrt\stdio.h(2260): note: see declaration of 'sscanf'
c:\users\rogerta\documents\github\tryhard_engine\source\imgui_dock.cpp(1297): warning C4996: 'sscanf': This function or variable may be unsafe. Consider using sscanf_s instead. To disable deprecation, use _CRT_SECURE_NO_WARNINGS. See online help for details.
  c:\program files (x86)\windows kits\10\include\10.0.15063.0\ucrt\stdio.h(2260): note: see declaration of 'sscanf'
c:\users\rogerta\documents\github\tryhard_engine\source\imgui_dock.cpp(1301): warning C4996: 'sscanf': This function or variable may be unsafe. Consider using sscanf_s instead. To disable deprecation, use _CRT_SECURE_NO_WARNINGS. See online help for details.
  c:\program files (x86)\windows kits\10\include\10.0.15063.0\ucrt\stdio.h(2260): note: see declaration of 'sscanf'
c:\users\rogerta\documents\github\tryhard_engine\source\imgui_dock.cpp(1388): warning C4996: 'sprintf': This function or variable may be unsafe. Consider using sprintf_s instead. To disable deprecation, use _CRT_SECURE_NO_WARNINGS. See online help for details.
  c:\program files (x86)\windows kits\10\include\10.0.15063.0\ucrt\stdio.h(1772): note: see declaration of 'sprintf'
  imgui_draw.cpp
  imgui_impl_sdl.cpp
  Light.cpp
  log.cpp
  Main.cpp
  ModuleAudio.cpp
  ModuleCamera3D.cpp
  ModuleImGui.cpp
c:\users\rogerta\documents\github\tryhard_engine\source\moduleimgui.cpp(158): warning C4244: 'argument': conversion from 'int' to 'float', possible loss of data
  ModuleInput.cpp
  ModuleRenderer3D.cpp
  Generating Code...
  Compiling...
  ModuleResources.cpp
  ModuleSceneIntro.cpp
  ModuleWindow.cpp
  Primitive.cpp
  Texture.cpp
  TextureImporter.cpp
  TextureMSAA.cpp
  Timer.cpp
  UI_ConfigurationPanel.cpp
  UI_ConsolePanel.cpp
  UI_ScenePanel.cpp
  Generating Code...
  3D Physics.vcxproj -> C:\Users\rogerta\Documents\GitHub\TryHard_Engine\Source\.\TryHard Engine.exe
